<?xml version="1.0" encoding="UTF-8"?>
<testsuite xmlns:xsi="http://www.w3.org/2001/XMLSchema-instance" xsi:noNamespaceSchemaLocation="https://maven.apache.org/surefire/maven-surefire-plugin/xsd/surefire-test-report-3.0.xsd" version="3.0" name="System.CompteTest" time="0.069" tests="1" errors="0" skipped="0" failures="0">
  <properties>
[...]
</properties>
  <testcase name="test" classname="System.CompteTest" time="0.05">
    <system-out><![CDATA[ nom du client:zakrani
le nom du client:zakrani
le pr�nom du client:abdelali
------- Les comptes bancaires associ�s : --------
Compte cr�e le Tue Jan 10 00:10:00 WAT 2017, NumCompte=1, Solde=1000.0]
Compte cr�e le Wed Jan 11 00:11:00 WAT 2017, NumCompte=2, Solde=2000.0]
 nom du client:zakrani
le nom du client:zakrani
le pr�nom du client:abdelali
------- Les comptes bancaires associ�s : --------
Compte cr�e le Tue Jan 10 00:10:00 WAT 2017, NumCompte=1, Solde=1500.0]
Compte cr�e le Wed Jan 11 00:11:00 WAT 2017, NumCompte=2, Solde=2000.0]
 nom du client:zakrani
le nom du client:zakrani
le pr�nom du client:abdelali
------- Les comptes bancaires associ�s : --------
Compte cr�e le Tue Jan 10 00:10:00 WAT 2017, NumCompte=1, Solde=500.0]
Compte cr�e le Wed Jan 11 00:11:00 WAT 2017, NumCompte=2, Solde=3000.0]
]]></system-out>
  </testcase>
</testsuite>